2020-04-12 12:08:21,330 [INFO] oandapyV20.oandapyV20 : setting up API-client for environment practice
2020-04-12 12:08:21,330 [INFO] oandapyV20.oandapyV20 : performing request https://api-fxpractice.oanda.com/v3/instruments/EUR_USD/candles
2020-04-12 12:08:22,161 [INFO] oandapyV20.oandapyV20 : performing request https://api-fxpractice.oanda.com/v3/instruments/EUR_AUD/candles
2020-04-12 12:08:22,317 [INFO] oandapyV20.oandapyV20 : performing request https://api-fxpractice.oanda.com/v3/instruments/GBP_CHF/candles
2020-04-12 12:08:22,463 [INFO] oandapyV20.oandapyV20 : performing request https://api-fxpractice.oanda.com/v3/instruments/USD_JPY/candles
2020-04-12 12:08:22,625 [INFO] oandapyV20.oandapyV20 : performing request https://api-fxpractice.oanda.com/v3/instruments/GBP_CAD/candles
2020-04-12 12:08:22,787 [INFO] oandapyV20.oandapyV20 : performing request https://api-fxpractice.oanda.com/v3/instruments/EUR_GBP/candles
2020-04-12 12:08:22,944 [INFO] oandapyV20.oandapyV20 : performing request https://api-fxpractice.oanda.com/v3/instruments/USD_CHF/candles
2020-04-12 12:08:23,105 [INFO] oandapyV20.oandapyV20 : performing request https://api-fxpractice.oanda.com/v3/instruments/GBP_USD/candles
2020-04-12 12:08:23,385 [INFO] oandapyV20.oandapyV20 : performing request https://api-fxpractice.oanda.com/v3/instruments/GBP_JPY/candles
2020-04-12 12:08:23,532 [INFO] oandapyV20.oandapyV20 : performing request https://api-fxpractice.oanda.com/v3/instruments/AUD_USD/candles
2020-04-12 12:08:23,717 [INFO] oandapyV20.oandapyV20 : performing request https://api-fxpractice.oanda.com/v3/instruments/EUR_CHF/candles
2020-04-12 12:08:23,873 [INFO] oandapyV20.oandapyV20 : performing request https://api-fxpractice.oanda.com/v3/instruments/USD_CAD/candles
2020-04-12 12:08:24,026 [INFO] oandapyV20.oandapyV20 : performing request https://api-fxpractice.oanda.com/v3/instruments/AUD_JPY/candles
2020-04-12 12:08:24,184 [INFO] oandapyV20.oandapyV20 : performing request https://api-fxpractice.oanda.com/v3/instruments/CHF_JPY/candles
2020-04-12 12:08:24,344 [INFO] oandapyV20.oandapyV20 : performing request https://api-fxpractice.oanda.com/v3/instruments/EUR_USD/candles
2020-04-12 12:08:24,553 [INFO] oandapyV20.oandapyV20 : performing request https://api-fxpractice.oanda.com/v3/instruments/EUR_AUD/candles
2020-04-12 12:08:24,705 [INFO] oandapyV20.oandapyV20 : performing request https://api-fxpractice.oanda.com/v3/instruments/GBP_CHF/candles
2020-04-12 12:08:24,872 [INFO] oandapyV20.oandapyV20 : performing request https://api-fxpractice.oanda.com/v3/instruments/USD_JPY/candles
2020-04-12 12:08:25,037 [INFO] oandapyV20.oandapyV20 : performing request https://api-fxpractice.oanda.com/v3/instruments/GBP_CAD/candles
2020-04-12 12:08:25,184 [INFO] oandapyV20.oandapyV20 : performing request https://api-fxpractice.oanda.com/v3/instruments/EUR_GBP/candles
2020-04-12 12:08:25,341 [INFO] oandapyV20.oandapyV20 : performing request https://api-fxpractice.oanda.com/v3/instruments/USD_CHF/candles
2020-04-12 12:08:25,506 [INFO] oandapyV20.oandapyV20 : performing request https://api-fxpractice.oanda.com/v3/instruments/GBP_USD/candles
2020-04-12 12:08:25,672 [INFO] oandapyV20.oandapyV20 : performing request https://api-fxpractice.oanda.com/v3/instruments/GBP_JPY/candles
2020-04-12 12:08:25,833 [INFO] oandapyV20.oandapyV20 : performing request https://api-fxpractice.oanda.com/v3/instruments/AUD_USD/candles
2020-04-12 12:08:26,041 [INFO] oandapyV20.oandapyV20 : performing request https://api-fxpractice.oanda.com/v3/instruments/EUR_CHF/candles
2020-04-12 12:08:26,193 [INFO] oandapyV20.oandapyV20 : performing request https://api-fxpractice.oanda.com/v3/instruments/USD_CAD/candles
2020-04-12 12:08:26,344 [INFO] oandapyV20.oandapyV20 : performing request https://api-fxpractice.oanda.com/v3/instruments/AUD_JPY/candles
2020-04-12 12:08:26,505 [INFO] oandapyV20.oandapyV20 : performing request https://api-fxpractice.oanda.com/v3/instruments/CHF_JPY/candles
